Current working directory: /Users/ieclabau/git/sheepdog_testing_suite/MockMain/pipelines/ForEach_2020Dec10/01_ForEachSample/script
Script args: Sample_1
SAMPLE ID: Sample
SAMPLE ID: Sample_1
Thats it!
SAMPLE ID: Sample_2
SAMPLE ID: Sample_3
SAMPLE ID: Sample_4
SAMPLE ID: Sample_5
SAMPLE ID: Sample_6
SAMPLE ID: Sample_7
SAMPLE ID: Sample_8
SAMPLE ID: Sample_9
SAMPLE ID: Sample_10
SAMPLE ID: Sample_11
SAMPLE ID: Sample_12
Done with Sample_1.
Current working directory: /Users/ieclabau/git/sheepdog_testing_suite/MockMain/pipelines/ForEach_2020Dec10/01_ForEachSample/script
Script args: Sample_10
SAMPLE ID: Sample
SAMPLE ID: Sample_1
SAMPLE ID: Sample_2
SAMPLE ID: Sample_3
SAMPLE ID: Sample_4
SAMPLE ID: Sample_5
SAMPLE ID: Sample_6
SAMPLE ID: Sample_7
SAMPLE ID: Sample_8
SAMPLE ID: Sample_9
SAMPLE ID: Sample_10
Thats it!
SAMPLE ID: Sample_11
SAMPLE ID: Sample_12
Done with Sample_10.
Current working directory: /Users/ieclabau/git/sheepdog_testing_suite/MockMain/pipelines/ForEach_2020Dec10/01_ForEachSample/script
Script args: Sample_11
SAMPLE ID: Sample
SAMPLE ID: Sample_1
SAMPLE ID: Sample_2
SAMPLE ID: Sample_3
SAMPLE ID: Sample_4
SAMPLE ID: Sample_5
SAMPLE ID: Sample_6
SAMPLE ID: Sample_7
SAMPLE ID: Sample_8
SAMPLE ID: Sample_9
SAMPLE ID: Sample_10
SAMPLE ID: Sample_11
Thats it!
SAMPLE ID: Sample_12
Done with Sample_11.
Current working directory: /Users/ieclabau/git/sheepdog_testing_suite/MockMain/pipelines/ForEach_2020Dec10/01_ForEachSample/script
Script args: Sample_12
SAMPLE ID: Sample
SAMPLE ID: Sample_1
SAMPLE ID: Sample_2
SAMPLE ID: Sample_3
SAMPLE ID: Sample_4
SAMPLE ID: Sample_5
SAMPLE ID: Sample_6
SAMPLE ID: Sample_7
SAMPLE ID: Sample_8
SAMPLE ID: Sample_9
SAMPLE ID: Sample_10
SAMPLE ID: Sample_11
SAMPLE ID: Sample_12
Thats it!
Done with Sample_12.
Current working directory: /Users/ieclabau/git/sheepdog_testing_suite/MockMain/pipelines/ForEach_2020Dec10/01_ForEachSample/script
Script args: Sample_2
SAMPLE ID: Sample
SAMPLE ID: Sample_1
SAMPLE ID: Sample_2
Thats it!
SAMPLE ID: Sample_3
SAMPLE ID: Sample_4
SAMPLE ID: Sample_5
SAMPLE ID: Sample_6
SAMPLE ID: Sample_7
SAMPLE ID: Sample_8
SAMPLE ID: Sample_9
SAMPLE ID: Sample_10
SAMPLE ID: Sample_11
SAMPLE ID: Sample_12
Done with Sample_2.
Current working directory: /Users/ieclabau/git/sheepdog_testing_suite/MockMain/pipelines/ForEach_2020Dec10/01_ForEachSample/script
Script args: Sample_3
SAMPLE ID: Sample
SAMPLE ID: Sample_1
SAMPLE ID: Sample_2
SAMPLE ID: Sample_3
Thats it!
SAMPLE ID: Sample_4
SAMPLE ID: Sample_5
SAMPLE ID: Sample_6
SAMPLE ID: Sample_7
SAMPLE ID: Sample_8
SAMPLE ID: Sample_9
SAMPLE ID: Sample_10
SAMPLE ID: Sample_11
SAMPLE ID: Sample_12
Done with Sample_3.
Current working directory: /Users/ieclabau/git/sheepdog_testing_suite/MockMain/pipelines/ForEach_2020Dec10/01_ForEachSample/script
Script args: Sample_4
SAMPLE ID: Sample
SAMPLE ID: Sample_1
SAMPLE ID: Sample_2
SAMPLE ID: Sample_3
SAMPLE ID: Sample_4
Thats it!
SAMPLE ID: Sample_5
SAMPLE ID: Sample_6
SAMPLE ID: Sample_7
SAMPLE ID: Sample_8
SAMPLE ID: Sample_9
SAMPLE ID: Sample_10
SAMPLE ID: Sample_11
SAMPLE ID: Sample_12
Done with Sample_4.
Current working directory: /Users/ieclabau/git/sheepdog_testing_suite/MockMain/pipelines/ForEach_2020Dec10/01_ForEachSample/script
Script args: Sample_5
SAMPLE ID: Sample
SAMPLE ID: Sample_1
SAMPLE ID: Sample_2
SAMPLE ID: Sample_3
SAMPLE ID: Sample_4
SAMPLE ID: Sample_5
Thats it!
SAMPLE ID: Sample_6
SAMPLE ID: Sample_7
SAMPLE ID: Sample_8
SAMPLE ID: Sample_9
SAMPLE ID: Sample_10
SAMPLE ID: Sample_11
SAMPLE ID: Sample_12
Done with Sample_5.
Current working directory: /Users/ieclabau/git/sheepdog_testing_suite/MockMain/pipelines/ForEach_2020Dec10/01_ForEachSample/script
Script args: Sample_6
SAMPLE ID: Sample
SAMPLE ID: Sample_1
SAMPLE ID: Sample_2
SAMPLE ID: Sample_3
SAMPLE ID: Sample_4
SAMPLE ID: Sample_5
SAMPLE ID: Sample_6
Thats it!
SAMPLE ID: Sample_7
SAMPLE ID: Sample_8
SAMPLE ID: Sample_9
SAMPLE ID: Sample_10
SAMPLE ID: Sample_11
SAMPLE ID: Sample_12
Done with Sample_6.
Current working directory: /Users/ieclabau/git/sheepdog_testing_suite/MockMain/pipelines/ForEach_2020Dec10/01_ForEachSample/script
Script args: Sample_7
SAMPLE ID: Sample
SAMPLE ID: Sample_1
SAMPLE ID: Sample_2
SAMPLE ID: Sample_3
SAMPLE ID: Sample_4
SAMPLE ID: Sample_5
SAMPLE ID: Sample_6
SAMPLE ID: Sample_7
Thats it!
SAMPLE ID: Sample_8
SAMPLE ID: Sample_9
SAMPLE ID: Sample_10
SAMPLE ID: Sample_11
SAMPLE ID: Sample_12
Done with Sample_7.
Current working directory: /Users/ieclabau/git/sheepdog_testing_suite/MockMain/pipelines/ForEach_2020Dec10/01_ForEachSample/script
Script args: Sample_8
SAMPLE ID: Sample
SAMPLE ID: Sample_1
SAMPLE ID: Sample_2
SAMPLE ID: Sample_3
SAMPLE ID: Sample_4
SAMPLE ID: Sample_5
SAMPLE ID: Sample_6
SAMPLE ID: Sample_7
SAMPLE ID: Sample_8
Thats it!
SAMPLE ID: Sample_9
SAMPLE ID: Sample_10
SAMPLE ID: Sample_11
SAMPLE ID: Sample_12
Done with Sample_8.
Current working directory: /Users/ieclabau/git/sheepdog_testing_suite/MockMain/pipelines/ForEach_2020Dec10/01_ForEachSample/script
Script args: Sample_9
SAMPLE ID: Sample
SAMPLE ID: Sample_1
SAMPLE ID: Sample_2
SAMPLE ID: Sample_3
SAMPLE ID: Sample_4
SAMPLE ID: Sample_5
SAMPLE ID: Sample_6
SAMPLE ID: Sample_7
SAMPLE ID: Sample_8
SAMPLE ID: Sample_9
Thats it!
SAMPLE ID: Sample_10
SAMPLE ID: Sample_11
SAMPLE ID: Sample_12
Done with Sample_9.
Created Success flag.
